Arguments: 
  E:\Node\nodejs\node.exe E:\Node\nodejs\node_global\node_modules\yarn\bin\yarn.js add react-router-dom

PATH: 
  E:\Python\Python27\;E:\Python\Python27\Scripts;C:\Program Files (x86)\Common Files\Intel\Shared Files\cpp\bin\Intel64;C:\Program Files (x86)\Common Files\Intel\Shared Libraries\redist\intel64\compiler;C:\ProgramData\Oracle\Java\javapath;C:\Program Files (x86)\Intel\iCLS Client\;C:\Program Files\Intel\iCLS Client\;C:\Windows\system32;C:\Windows;C:\WINDOWS\system32;C:\Windows\System32\Wbem;C:\Windows\System32\WindowsPowerShell\v1.0\;C:\Program Files (x86)\Intel\Intel(R) Management Engine Components\DAL;C:\Program Files\Intel\Intel(R) Management Engine Components\DAL;C:\Program Files (x86)\Intel\Intel(R) Management Engine Components\IPT;C:\Program Files\Intel\Intel(R) Management Engine Components\IPT;C:\Program Files (x86)\NVIDIA Corporation\PhysX\Common;C:\WINDOWS\system32;C:\WINDOWS;C:\WINDOWS\System32\Wbem;C:\WINDOWS\System32\WindowsPowerShell\v1.0\;E:\mysql64\mysql_server\bin;C:\WINDOWS\system32;C:\WINDOWS;C:\WINDOWS\System32\Wbem;C:\WINDOWS\System32\WindowsPowerShell\v1.0\;C:\WINDOWS\System32\OpenSSH\;E:\VSCode-x64\Microsoft VS Code\bin;C:\Program Files\NVIDIA Corporation\NVIDIA NvDLISR;E:\TortoiseGit-2.10.0.0\install\bin;E:\phpstudy\PHPTutorial\php\php-5.6.27-nts\php.exe;E:\Program Files\ffmpeg\bin;C:\Program Files (x86)\QuickTime\QTSystem\;C:\Program Files\Java\jdk1.8.0_121\bin;C:\Program Files\Java\jdk1.8.0_121\jre\bin;E:\android-studio\sdk\platform-tools;E:\android-studio\sdk\emulator;E:\android-studio\sdk\tools;E:\android-studio\sdk\tools\bin;E:\.gradle\wraper\dist\gradle-2.14.1\bin;E:\Node\nodejs\node_global\node_modules;E:\Node\nodejs\;E:\tools_Git\Git\cmd;C:\Users\烟雨江南\AppData\Local\Microsoft\WindowsApps;C:\Program Files\JetBrains\PhpStorm 2019.2.2\bin;;E:\dev\nvm;E:\dev\nodejs;E:\Node\nodejs\node_global;E:\WebStorm2019.1.3\WebStorm 2019.1.3\bin;;C:\Users\烟雨江南\AppData\Roaming\npm

Yarn version: 
  1.22.4

Node version: 
  12.18.1

Platform: 
  win32 x64

Trace: 
  Error: getaddrinfo ENOTFOUND registry.npmjs.org
      at GetAddrInfoReqWrap.onlookup [as oncomplete] (dns.js:66:26)

npm manifest: 
  {
    "name": "webpack.senior",
    "version": "1.0.0",
    "description": "",
    "main": "webpack.config.js",
    "scripts": {
      "test": "echo \"Error: no test specified\" && exit 1",
      "dev": "webpack-dev-server --open --port 3000 --hot",
      "pub": "webpack --mode production --config webpack.pub.config.js"
    },
    "keywords": [],
    "author": "",
    "license": "ISC",
    "dependencies": {
      "jquery": "^3.5.0",
      "prop-types": "^15.7.2",
      "react": "^16.13.1",
      "react-dom": "^16.13.1",
      "webpack-cli": "^3.3.11"
    },
    "devDependencies": {
      "autoprefixer": "^9.7.6",
      "babel-core": "6.26.0",
      "babel-loader": "7.1.2",
      "babel-plugin-component": "0.10.1",
      "babel-plugin-transform-runtime": "6.23.0",
      "babel-preset-env": "1.6.1",
      "babel-preset-react": "^6.24.1",
      "babel-preset-stage-0": "6.24.1",
      "clean-webpack-plugin": "^3.0.0",
      "css-loader": "3.4.0",
      "file-loader": "5.0.2",
      "html-webpack-plugin": "^4.3.0",
      "less": "3.10.3",
      "less-loader": "5.0.0",
      "mini-css-extract-plugin": "^0.9.0",
      "node-sass": "4.13.0",
      "optimize-css-assets-webpack-plugin": "^5.0.3",
      "postcss-loader": "^3.0.0",
      "resolve-url-loader": "^3.1.1",
      "sass": "1.23.7",
      "sass-loader": "8.0.0",
      "style-loader": "1.0.2",
      "uglifyjs-webpack-plugin": "^2.2.0",
      "url-loader": "3.0.0",
      "webpack": "^4.43.0",
      "webpack-dev-server": "^3.10.3"
    }
  }

yarn manifest: 
  No manifest

Lockfile: 
  No lockfile
